Build started 4/21/2015 3:32:02 PM.
     1>Project "\\kc.umkc.edu\kc-users\home\e\ertgd8\My Documents\Visual Studio 2013\Projects\Morse\Morse\Morse.vcxproj" on node 2 (Build target(s)).
     1>ClCompile:
         C:\Program Files (x86)\Microsoft Visual Studio 12.0\VC\bin\CL.exe /c /ZI /nologo /W3 /WX- /sdl /Od /Oy- /D _MBCS /Gm /EHsc /RTC1 /MDd /GS /fp:precise /Zc:wchar_t /Zc:forScope /Fo"Debug\\" /Fd"Debug\vc120.pdb" /Gd /TP /analyze- /errorReport:prompt Main.cpp Tree.cpp
         Tree.cpp
     1>\\kc.umkc.edu\kc-users\home\e\ertgd8\my documents\visual studio 2013\projects\morse\morse\tree.cpp(16): warning C4172: returning address of local variable or temporary
     1>\\kc.umkc.edu\kc-users\home\e\ertgd8\my documents\visual studio 2013\projects\morse\morse\tree.cpp(39): warning C4018: '<' : signed/unsigned mismatch
     1>\\kc.umkc.edu\kc-users\home\e\ertgd8\my documents\visual studio 2013\projects\morse\morse\tree.cpp(56): warning C4018: '<' : signed/unsigned mismatch
     1>\\kc.umkc.edu\kc-users\home\e\ertgd8\my documents\visual studio 2013\projects\morse\morse\tree.cpp(68): warning C4018: '<' : signed/unsigned mismatch
     1>\\kc.umkc.edu\kc-users\home\e\ertgd8\my documents\visual studio 2013\projects\morse\morse\tree.cpp(71): warning C4018: '<' : signed/unsigned mismatch
         Generating Code...
         Compiling...
         Main.cpp
         Generating Code...
       Link:
         C:\Program Files (x86)\Microsoft Visual Studio 12.0\VC\bin\link.exe /ERRORREPORT:PROMPT /OUT:"\\kc.umkc.edu\kc-users\home\e\ertgd8\My Documents\Visual Studio 2013\Projects\Morse\Debug\Morse.exe" /INCREMENTAL /NOLOGO kernel32.lib user32.lib gdi32.lib winspool.lib comdlg32.lib advapi32.lib shell32.lib ole32.lib oleaut32.lib uuid.lib odbc32.lib odbccp32.lib /MANIFEST /MANIFESTUAC:"level='asInvoker' uiAccess='false'" /manifest:embed /DEBUG /PDB:"\\kc.umkc.edu\kc-users\home\e\ertgd8\My Documents\Visual Studio 2013\Projects\Morse\Debug\Morse.pdb" /TLBID:1 /DYNAMICBASE /NXCOMPAT /IMPLIB:"\\kc.umkc.edu\kc-users\home\e\ertgd8\My Documents\Visual Studio 2013\Projects\Morse\Debug\Morse.lib" /MACHINE:X86 Debug\Main.obj
         Debug\Tree.obj
         Morse.vcxproj -> \\kc.umkc.edu\kc-users\home\e\ertgd8\My Documents\Visual Studio 2013\Projects\Morse\Debug\Morse.exe
     1>Done Building Project "\\kc.umkc.edu\kc-users\home\e\ertgd8\My Documents\Visual Studio 2013\Projects\Morse\Morse\Morse.vcxproj" (Build target(s)).

Build succeeded.

Time Elapsed 00:00:02.51
